[0.012s] Invoking command in '/home/lihaoting/ROS2/ws01_plumbing/src/build/base_interfaces_demo': CMAKE_PREFIX_PATH=${CMAKE_PREFIX_PATH}:/opt/ros/jazzy DEBUGINFOD_URLS=https://debuginfod.ubuntu.com /usr/bin/cmake --build /home/lihaoting/ROS2/ws01_plumbing/src/build/base_interfaces_demo -- -j2 -l2
[0.062s] -- Found ament_cmake: 2.5.3 (/opt/ros/jazzy/share/ament_cmake/cmake)
[0.337s] -- Found rosidl_default_generators: 1.6.0 (/opt/ros/jazzy/share/rosidl_default_generators/cmake)
[0.340s] -- Using all available rosidl_typesupport_c: rosidl_typesupport_fastrtps_c;rosidl_typesupport_introspection_c
[0.384s] -- Using all available rosidl_typesupport_cpp: rosidl_typesupport_fastrtps_cpp;rosidl_typesupport_introspection_cpp
[0.425s] -- Found rosidl_adapter: 4.6.5 (/opt/ros/jazzy/share/rosidl_adapter/cmake)
[0.953s] [31mCMake Error at /opt/ros/jazzy/share/rosidl_adapter/cmake/rosidl_adapt_interfaces.cmake:57 (message):
[0.953s]   execute_process(/usr/bin/python3 -m rosidl_adapter --package-name
[0.954s]   base_interfaces_demo --arguments-file
[0.954s]   /home/lihaoting/ROS2/ws01_plumbing/src/build/base_interfaces_demo/rosidl_adapter__arguments__base_interfaces_demo.json
[0.954s]   --output-dir
[0.954s]   /home/lihaoting/ROS2/ws01_plumbing/src/build/base_interfaces_demo/rosidl_adapter/base_interfaces_demo
[0.954s]   --output-file
[0.954s]   /home/lihaoting/ROS2/ws01_plumbing/src/build/base_interfaces_demo/rosidl_adapter/base_interfaces_demo.idls)
[0.954s]   returned error code 1:
[0.954s] 
[0.954s]   Error processing 'string name;' of 'base_interfaces_demo/Student': ''name;'
[0.954s]   is an invalid field name.  It should have the pattern
[0.954s]   '^(?!.*__)(?!.*_$)[a-z][a-z0-9_]*$''
[0.954s] 
[0.954s]   Traceback (most recent call last):
[0.955s] 
[0.955s]     File "<frozen runpy>", line 198, in _run_module_as_main
[0.955s]     File "<frozen runpy>", line 88, in _run_code
[0.959s]     File "/opt/ros/jazzy/lib/python3.12/site-packages/rosidl_adapter/__main__.py", line 19, in <module>
[0.959s]       sys.exit(main())
[0.959s]                ^^^^^^
[0.959s]     File "/opt/ros/jazzy/lib/python3.12/site-packages/rosidl_adapter/main.py", line 53, in main
[0.960s]       abs_idl_file = convert_to_idl(
[0.960s]                      ^^^^^^^^^^^^^^^
[0.960s]     File "/opt/ros/jazzy/lib/python3.12/site-packages/rosidl_adapter/__init__.py", line 19, in convert_to_idl
[0.960s]       return convert_msg_to_idl(
[0.960s]              ^^^^^^^^^^^^^^^^^^^
[0.960s]     File "/opt/ros/jazzy/lib/python3.12/site-packages/rosidl_adapter/msg/__init__.py", line 28, in convert_msg_to_idl
[0.961s]       msg = parse_message_string(package_name, input_file.stem, content)
[0.961s]             ^^^^^^^^^^^^^^^^^^^^^^^^^^^^^^^^^^^^^^^^^^^^^^^^^^^^^^^^^^^^
[0.962s]     File "/opt/ros/jazzy/lib/python3.12/site-packages/rosidl_adapter/parser.py", line 520, in parse_message_string
[0.962s]       fields.append(Field(
[0.962s]                     ^^^^^^
[0.962s]     File "/opt/ros/jazzy/lib/python3.12/site-packages/rosidl_adapter/parser.py", line 355, in __init__
[0.962s]       raise NameError(
[0.963s] 
[0.963s]   NameError: 'name;' is an invalid field name.  It should have the pattern
[0.963s]   '^(?!.*__)(?!.*_$)[a-z][a-z0-9_]*$'
[0.963s] 
[0.963s] Call Stack (most recent call first):
[0.963s]   /opt/ros/jazzy/share/rosidl_cmake/cmake/rosidl_generate_interfaces.cmake:132 (rosidl_adapt_interfaces)
[0.970s]   CMakeLists.txt:18 (rosidl_generate_interfaces)
[0.970s] 
[0.970s] [0m
[0.970s] -- Configuring incomplete, errors occurred!
[0.976s] gmake: *** [Makefile:226ï¼šcmake_check_build_system] é”™è¯¯ 1
[0.979s] Invoked command in '/home/lihaoting/ROS2/ws01_plumbing/src/build/base_interfaces_demo' returned '2': CMAKE_PREFIX_PATH=${CMAKE_PREFIX_PATH}:/opt/ros/jazzy DEBUGINFOD_URLS=https://debuginfod.ubuntu.com /usr/bin/cmake --build /home/lihaoting/ROS2/ws01_plumbing/src/build/base_interfaces_demo -- -j2 -l2
